#-----------------------------------------------------------
# Vivado v2022.2 (64-bit)
# SW Build 3671981 on Fri Oct 14 05:00:03 MDT 2022
# IP Build 3669848 on Fri Oct 14 08:30:02 MDT 2022
# Start of session at: Thu Nov 13 21:33:27 2025
# Process ID: 31380
# Current directory: F:/UTT-xilinx/ip_repo
# Command line: vivado.exe -gui_launcher_event rodinguilauncherevent36496 F:\UTT-xilinx\ip_repo\edit_hdmi_text_controller_v3_0.xpr
# Log file: F:/UTT-xilinx/ip_repo/vivado.log
# Journal file: F:/UTT-xilinx/ip_repo\vivado.jou
# Running On: omakase, OS: Windows, CPU Frequency: 4400 MHz, CPU Physical cores: 24, Host memory: 66207 MB
#-----------------------------------------------------------
start_gui
open_project F:/UTT-xilinx/ip_repo/edit_hdmi_text_controller_v3_0.xpr
WARNING: [Board 49-26] cannot add Board Part xilinx.com:vek280_es:part0:1.0 available at C:/Xilinx/Vivado/2022.2/data/xhub/boards/XilinxBoardStore/boards/Xilinx/vek280/es/1.0/board.xml as part xcve2802-vsvh1760-2lp-e-s-es1 specified in board_part file is either invalid or not available
INFO: [Project 1-313] Project file moved from 'f:/ece385-group-work/ip_repo' since last save.
WARNING: [Board 49-26] cannot add Board Part xilinx.com:vhk158_es:part0:1.0 available at C:/Xilinx/Vivado/2022.2/data/xhub/boards/XilinxBoardStore/boards/Xilinx/vhk158/es/1.0/board.xml as part xcvh1582-vsva3697-2mp-e-s-es1 specified in board_part file is either invalid or not available
WARNING: [Board 49-26] cannot add Board Part xilinx.com:vpk120_es:part0:1.2 available at C:/Xilinx/Vivado/2022.2/data/xhub/boards/XilinxBoardStore/boards/Xilinx/vpk120/es/1.2/board.xml as part xcvp1202-vsva2785-2mp-e-s-es1 specified in board_part file is either invalid or not available
WARNING: [Board 49-26] cannot add Board Part xilinx.com:vpk120_es_revb:part0:1.0 available at C:/Xilinx/Vivado/2022.2/data/xhub/boards/XilinxBoardStore/boards/Xilinx/vpk120_revb/es/1.0/board.xml as part xcvp1202-vsva2785-2mp-e-s-es1 specified in board_part file is either invalid or not available
WARNING: [Board 49-26] cannot add Board Part xilinx.com:vpk180_es:part0:1.0 available at C:/Xilinx/Vivado/2022.2/data/xhub/boards/XilinxBoardStore/boards/Xilinx/vpk180/es/1.0/board.xml as part xcvp1802-lsvc4072-2mp-e-s-es1 specified in board_part file is either invalid or not available
WARNING: [Board 49-26] cannot add Board Part xilinx.com:zcu208ld:part0:2.0 available at C:/Xilinx/Vivado/2022.2/data/xhub/boards/XilinxBoardStore/boards/Xilinx/zcu208ld/production/2.0/board.xml as part xczu58dr-fsvg1517-2-i specified in board_part file is either invalid or not available
WARNING: [Board 49-26] cannot add Board Part xilinx.com:zcu216ld:part0:2.0 available at C:/Xilinx/Vivado/2022.2/data/xhub/boards/XilinxBoardStore/boards/Xilinx/zcu216ld/production/2.0/board.xml as part xczu59dr-ffvf1760-2-i specified in board_part file is either invalid or not available
WARNING: [Board 49-26] cannot add Board Part xilinx.com:zcu670:part0:2.0 available at C:/Xilinx/Vivado/2022.2/data/xhub/boards/XilinxBoardStore/boards/Xilinx/zcu670/2.0/board.xml as part xczu67dr-fsve1156-2-i specified in board_part file is either invalid or not available
WARNING: [Board 49-26] cannot add Board Part xilinx.com:zcu670ld:part0:1.0 available at C:/Xilinx/Vivado/2022.2/data/xhub/boards/XilinxBoardStore/boards/Xilinx/zcu670ld/1.0/board.xml as part xczu57dr-fsve1156-2-i specified in board_part file is either invalid or not available
INFO: [filemgmt 56-3] Default IP Output Path : Could not find the directory 'F:/UTT-xilinx/ip_repo/edit_hdmi_text_controller_v3_0.gen/sources_1'.
Scanning sources...
Finished scanning sources
INFO: [IP_Flow 19-234] Refreshing IP repositories
INFO: [IP_Flow 19-1700] Loaded user IP repository 'f:/ECE385-group-work/ip_repo/hdmi_text_controller_3_0'.
INFO: [IP_Flow 19-1700] Loaded user IP repository 'f:/ECE385-group-work/lab6/hdmi_tx_1.0'.
INFO: [IP_Flow 19-2313] Loaded Vivado IP repository 'C:/Xilinx/Vivado/2022.2/data/ip'.
update_compile_order -fileset sources_1
set_property  ip_repo_paths  f:/ECE385-group-work/ip_repo/hdmi_text_controller_3_0 [current_project]
update_ip_catalog
INFO: [IP_Flow 19-234] Refreshing IP repositories
INFO: [IP_Flow 19-1700] Loaded user IP repository 'f:/ECE385-group-work/ip_repo/hdmi_text_controller_3_0'.
set_property  ip_repo_paths  {} [current_project]
update_ip_catalog
INFO: [IP_Flow 19-234] Refreshing IP repositories
INFO: [IP_Flow 19-1704] No user IP repositories specified
export_ip_user_files -of_objects  [get_files F:/ECE385-group-work/ip_repo/hdmi_text_controller_3_0/src/hdmi_tx_0/hdmi_tx_0.xci] -no_script -reset -force -quiet
remove_files  -fileset hdmi_tx_0 F:/ECE385-group-work/ip_repo/hdmi_text_controller_3_0/src/hdmi_tx_0/hdmi_tx_0.xci
INFO: [Project 1-386] Moving file 'F:/ECE385-group-work/ip_repo/hdmi_text_controller_3_0/src/hdmi_tx_0/hdmi_tx_0.xci' from fileset 'hdmi_tx_0' to fileset 'sources_1'.
set_property  ip_repo_paths  F:/UTT-xilinx/ip_repo [current_project]
update_ip_catalog
INFO: [IP_Flow 19-234] Refreshing IP repositories
INFO: [IP_Flow 19-1700] Loaded user IP repository 'f:/UTT-xilinx/ip_repo'.
create_ip -name hdmi_tx -vendor realdigital.org -library realdigital -version 1.0 -module_name hdmi_tx_0
set_property -dict [list \
  CONFIG.C_BLUE_WIDTH {4} \
  CONFIG.C_GREEN_WIDTH {4} \
  CONFIG.C_RED_WIDTH {4} \
  CONFIG.MODE {HDMI} \
] [get_ips hdmi_tx_0]
generate_target {instantiation_template} [get_files f:/UTT-xilinx/ip_repo/edit_hdmi_text_controller_v3_0.srcs/sources_1/ip/hdmi_tx_0/hdmi_tx_0.xci]
INFO: [IP_Flow 19-1686] Generating 'Instantiation Template' target for IP 'hdmi_tx_0'...
generate_target all [get_files  f:/UTT-xilinx/ip_repo/edit_hdmi_text_controller_v3_0.srcs/sources_1/ip/hdmi_tx_0/hdmi_tx_0.xci]
INFO: [IP_Flow 19-1686] Generating 'Synthesis' target for IP 'hdmi_tx_0'...
INFO: [IP_Flow 19-1686] Generating 'Simulation' target for IP 'hdmi_tx_0'...
catch { config_ip_cache -export [get_ips -all hdmi_tx_0] }
INFO: [IP_Flow 19-6924] IPCACHE: Running cache check for IP inst: hdmi_tx_0
INFO: [IP_Flow 19-6922] IPCACHE: Exporting cached entry 6368d7ce3798e92a to dir: f:/UTT-xilinx/ip_repo/edit_hdmi_text_controller_v3_0.gen/sources_1/ip/hdmi_tx_0
INFO: [IP_Flow 19-6928] IPCACHE: copied cached file f:/UTT-xilinx/ip_repo/edit_hdmi_text_controller_v3_0.cache/ip/2022.2/6/3/6368d7ce3798e92a/hdmi_tx_0.dcp to f:/UTT-xilinx/ip_repo/edit_hdmi_text_controller_v3_0.gen/sources_1/ip/hdmi_tx_0/hdmi_tx_0.dcp.
INFO: [IP_Flow 19-6926] IPCACHE: added file to list for BOM: f:/UTT-xilinx/ip_repo/edit_hdmi_text_controller_v3_0.gen/sources_1/ip/hdmi_tx_0/hdmi_tx_0.dcp
INFO: [IP_Flow 19-6928] IPCACHE: copied cached file f:/UTT-xilinx/ip_repo/edit_hdmi_text_controller_v3_0.cache/ip/2022.2/6/3/6368d7ce3798e92a/hdmi_tx_0_sim_netlist.v to f:/UTT-xilinx/ip_repo/edit_hdmi_text_controller_v3_0.gen/sources_1/ip/hdmi_tx_0/hdmi_tx_0_sim_netlist.v.
INFO: [IP_Flow 19-6926] IPCACHE: added file to list for BOM: f:/UTT-xilinx/ip_repo/edit_hdmi_text_controller_v3_0.gen/sources_1/ip/hdmi_tx_0/hdmi_tx_0_sim_netlist.v
INFO: [IP_Flow 19-6928] IPCACHE: copied cached file f:/UTT-xilinx/ip_repo/edit_hdmi_text_controller_v3_0.cache/ip/2022.2/6/3/6368d7ce3798e92a/hdmi_tx_0_sim_netlist.vhdl to f:/UTT-xilinx/ip_repo/edit_hdmi_text_controller_v3_0.gen/sources_1/ip/hdmi_tx_0/hdmi_tx_0_sim_netlist.vhdl.
INFO: [IP_Flow 19-6926] IPCACHE: added file to list for BOM: f:/UTT-xilinx/ip_repo/edit_hdmi_text_controller_v3_0.gen/sources_1/ip/hdmi_tx_0/hdmi_tx_0_sim_netlist.vhdl
INFO: [IP_Flow 19-6928] IPCACHE: copied cached file f:/UTT-xilinx/ip_repo/edit_hdmi_text_controller_v3_0.cache/ip/2022.2/6/3/6368d7ce3798e92a/hdmi_tx_0_stub.v to f:/UTT-xilinx/ip_repo/edit_hdmi_text_controller_v3_0.gen/sources_1/ip/hdmi_tx_0/hdmi_tx_0_stub.v.
INFO: [IP_Flow 19-6926] IPCACHE: added file to list for BOM: f:/UTT-xilinx/ip_repo/edit_hdmi_text_controller_v3_0.gen/sources_1/ip/hdmi_tx_0/hdmi_tx_0_stub.v
INFO: [IP_Flow 19-6928] IPCACHE: copied cached file f:/UTT-xilinx/ip_repo/edit_hdmi_text_controller_v3_0.cache/ip/2022.2/6/3/6368d7ce3798e92a/hdmi_tx_0_stub.vhdl to f:/UTT-xilinx/ip_repo/edit_hdmi_text_controller_v3_0.gen/sources_1/ip/hdmi_tx_0/hdmi_tx_0_stub.vhdl.
INFO: [IP_Flow 19-6926] IPCACHE: added file to list for BOM: f:/UTT-xilinx/ip_repo/edit_hdmi_text_controller_v3_0.gen/sources_1/ip/hdmi_tx_0/hdmi_tx_0_stub.vhdl
INFO: [IP_Flow 19-4993] Using cached IP synthesis design for IP hdmi_tx_0, cache-ID = 6368d7ce3798e92a; cache size = 0.464 MB.
export_ip_user_files -of_objects [get_files f:/UTT-xilinx/ip_repo/edit_hdmi_text_controller_v3_0.srcs/sources_1/ip/hdmi_tx_0/hdmi_tx_0.xci] -no_script -sync -force -quiet
create_ip_run [get_files -of_objects [get_fileset sources_1] f:/UTT-xilinx/ip_repo/edit_hdmi_text_controller_v3_0.srcs/sources_1/ip/hdmi_tx_0/hdmi_tx_0.xci]
INFO: [Vivado 12-3453] The given sub-design is up-to-date, no action was taken.  If a run is still desired, use the '-force' option for the file:'f:/UTT-xilinx/ip_repo/edit_hdmi_text_controller_v3_0.srcs/sources_1/ip/hdmi_tx_0/hdmi_tx_0.xci'
export_simulation -of_objects [get_files f:/UTT-xilinx/ip_repo/edit_hdmi_text_controller_v3_0.srcs/sources_1/ip/hdmi_tx_0/hdmi_tx_0.xci] -directory F:/UTT-xilinx/ip_repo/edit_hdmi_text_controller_v3_0.ip_user_files/sim_scripts -ip_user_files_dir F:/UTT-xilinx/ip_repo/edit_hdmi_text_controller_v3_0.ip_user_files -ipstatic_source_dir F:/UTT-xilinx/ip_repo/edit_hdmi_text_controller_v3_0.ip_user_files/ipstatic -lib_map_path [list {modelsim=F:/UTT-xilinx/ip_repo/edit_hdmi_text_controller_v3_0.cache/compile_simlib/modelsim} {questa=F:/UTT-xilinx/ip_repo/edit_hdmi_text_controller_v3_0.cache/compile_simlib/questa} {riviera=F:/UTT-xilinx/ip_repo/edit_hdmi_text_controller_v3_0.cache/compile_simlib/riviera} {activehdl=F:/UTT-xilinx/ip_repo/edit_hdmi_text_controller_v3_0.cache/compile_simlib/activehdl}] -use_ip_compiled_libs -force -quiet
update_compile_order -fileset sources_1
exit
INFO: [Common 17-206] Exiting Vivado at Thu Nov 13 21:54:52 2025...
